Downloading [1/1] artifacts (0 B / 0 B)
Downloading [1/1] artifacts (0 B / 1.7 KiB)
Downloading [1/1] artifacts (1.7 KiB / 1.7 KiB)
Downloading [1/1] artifacts (1.7 KiB / 1.7 KiB)
Downloading [1/1] artifacts (0 B / 0 B)
Downloading [1/1] artifacts (0 B / 2.4 MiB)
Downloading [1/1] artifacts (8.0 KiB / 2.4 MiB)
Downloading [1/1] artifacts (24.0 KiB / 2.4 MiB)
Downloading [1/1] artifacts (40.0 KiB / 2.4 MiB)
Downloading [1/1] artifacts (56.0 KiB / 2.4 MiB)
Downloading [1/1] artifacts (64.0 KiB / 2.4 MiB)
Downloading [1/1] artifacts (80.0 KiB / 2.4 MiB)
Downloading [1/1] artifacts (96.0 KiB / 2.4 MiB)
Downloading [1/1] artifacts (112.0 KiB / 2.4 MiB)
Downloading [1/1] artifacts (128.0 KiB / 2.4 MiB)
Downloading [1/1] artifacts (136.0 KiB / 2.4 MiB)
Downloading [1/1] artifacts (144.0 KiB / 2.4 MiB)
Downloading [1/1] artifacts (160.0 KiB / 2.4 MiB)
Downloading [1/1] artifacts (176.0 KiB / 2.4 MiB)
Downloading [1/1] artifacts (192.0 KiB / 2.4 MiB)
Downloading [1/1] artifacts (208.0 KiB / 2.4 MiB)
Downloading [1/1] artifacts (224.0 KiB / 2.4 MiB)
Downloading [1/1] artifacts (240.0 KiB / 2.4 MiB)
Downloading [1/1] artifacts (248.0 KiB / 2.4 MiB)
Downloading [1/1] artifacts (264.0 KiB / 2.4 MiB)
Downloading [1/1] artifacts (272.0 KiB / 2.4 MiB)
Downloading [1/1] artifacts (288.0 KiB / 2.4 MiB)
Downloading [1/1] artifacts (304.0 KiB / 2.4 MiB)
Downloading [1/1] artifacts (312.0 KiB / 2.4 MiB)
Downloading [1/1] artifacts (320.0 KiB / 2.4 MiB)
Downloading [1/1] artifacts (336.0 KiB / 2.4 MiB)
Downloading [1/1] artifacts (344.0 KiB / 2.4 MiB)
Downloading [1/1] artifacts (360.0 KiB / 2.4 MiB)
Downloading [1/1] artifacts (376.0 KiB / 2.4 MiB)
Downloading [1/1] artifacts (384.0 KiB / 2.4 MiB)
Downloading [1/1] artifacts (400.0 KiB / 2.4 MiB)
Downloading [1/1] artifacts (416.0 KiB / 2.4 MiB)
Downloading [1/1] artifacts (424.0 KiB / 2.4 MiB)
Downloading [1/1] artifacts (440.0 KiB / 2.4 MiB)
Downloading [1/1] artifacts (448.0 KiB / 2.4 MiB)
Downloading [1/1] artifacts (464.0 KiB / 2.4 MiB)
Downloading [1/1] artifacts (480.0 KiB / 2.4 MiB)
Downloading [1/1] artifacts (488.0 KiB / 2.4 MiB)
Downloading [1/1] artifacts (504.0 KiB / 2.4 MiB)
Downloading [1/1] artifacts (520.0 KiB / 2.4 MiB)
Downloading [1/1] artifacts (536.0 KiB / 2.4 MiB)
Downloading [1/1] artifacts (552.0 KiB / 2.4 MiB)
Downloading [1/1] artifacts (568.0 KiB / 2.4 MiB)
Downloading [1/1] artifacts (576.0 KiB / 2.4 MiB)
Downloading [1/1] artifacts (592.0 KiB / 2.4 MiB)
Downloading [1/1] artifacts (608.0 KiB / 2.4 MiB)
Downloading [1/1] artifacts (624.0 KiB / 2.4 MiB)
Downloading [1/1] artifacts (640.0 KiB / 2.4 MiB)
Downloading [1/1] artifacts (648.0 KiB / 2.4 MiB)
Downloading [1/1] artifacts (656.0 KiB / 2.4 MiB)
Downloading [1/1] artifacts (672.0 KiB / 2.4 MiB)
Downloading [1/1] artifacts (688.0 KiB / 2.4 MiB)
Downloading [1/1] artifacts (704.0 KiB / 2.4 MiB)
Downloading [1/1] artifacts (720.0 KiB / 2.4 MiB)
Downloading [1/1] artifacts (736.0 KiB / 2.4 MiB)
Downloading [1/1] artifacts (752.0 KiB / 2.4 MiB)
Downloading [1/1] artifacts (768.0 KiB / 2.4 MiB)
Downloading [1/1] artifacts (784.0 KiB / 2.4 MiB)
Downloading [1/1] artifacts (800.0 KiB / 2.4 MiB)
Downloading [1/1] artifacts (816.0 KiB / 2.4 MiB)
Downloading [1/1] artifacts (832.0 KiB / 2.4 MiB)
Downloading [1/1] artifacts (840.0 KiB / 2.4 MiB)
Downloading [1/1] artifacts (856.0 KiB / 2.4 MiB)
Downloading [1/1] artifacts (872.0 KiB / 2.4 MiB)
Downloading [1/1] artifacts (888.0 KiB / 2.4 MiB)
Downloading [1/1] artifacts (896.0 KiB / 2.4 MiB)
Downloading [1/1] artifacts (904.0 KiB / 2.4 MiB)
Downloading [1/1] artifacts (920.0 KiB / 2.4 MiB)
Downloading [1/1] artifacts (928.0 KiB / 2.4 MiB)
Downloading [1/1] artifacts (944.0 KiB / 2.4 MiB)
Downloading [1/1] artifacts (960.0 KiB / 2.4 MiB)
Downloading [1/1] artifacts (976.0 KiB / 2.4 MiB)
Downloading [1/1] artifacts (992.0 KiB / 2.4 MiB)
Downloading [1/1] artifacts (1000.0 KiB / 2.4 MiB)
Downloading [1/1] artifacts (1016.0 KiB / 2.4 MiB)
Downloading [1/1] artifacts (1.0 MiB / 2.4 MiB)
Downloading [1/1] artifacts (1.0 MiB / 2.4 MiB)
Downloading [1/1] artifacts (1.0 MiB / 2.4 MiB)
Downloading [1/1] artifacts (1.0 MiB / 2.4 MiB)
Downloading [1/1] artifacts (1.0 MiB / 2.4 MiB)
Downloading [1/1] artifacts (1.0 MiB / 2.4 MiB)
Downloading [1/1] artifacts (1.1 MiB / 2.4 MiB)
Downloading [1/1] artifacts (1.1 MiB / 2.4 MiB)
Downloading [1/1] artifacts (1.1 MiB / 2.4 MiB)
Downloading [1/1] artifacts (1.1 MiB / 2.4 MiB)
Downloading [1/1] artifacts (1.1 MiB / 2.4 MiB)
Downloading [1/1] artifacts (1.1 MiB / 2.4 MiB)
Downloading [1/1] artifacts (1.1 MiB / 2.4 MiB)
Downloading [1/1] artifacts (1.1 MiB / 2.4 MiB)
Downloading [1/1] artifacts (1.1 MiB / 2.4 MiB)
Downloading [1/1] artifacts (1.2 MiB / 2.4 MiB)
Downloading [1/1] artifacts (1.2 MiB / 2.4 MiB)
Downloading [1/1] artifacts (1.2 MiB / 2.4 MiB)
Downloading [1/1] artifacts (1.2 MiB / 2.4 MiB)
Downloading [1/1] artifacts (1.2 MiB / 2.4 MiB)
Downloading [1/1] artifacts (1.2 MiB / 2.4 MiB)
Downloading [1/1] artifacts (1.3 MiB / 2.4 MiB)
Downloading [1/1] artifacts (1.3 MiB / 2.4 MiB)
Downloading [1/1] artifacts (1.3 MiB / 2.4 MiB)
Downloading [1/1] artifacts (1.3 MiB / 2.4 MiB)
Downloading [1/1] artifacts (1.3 MiB / 2.4 MiB)
Downloading [1/1] artifacts (1.3 MiB / 2.4 MiB)
Downloading [1/1] artifacts (1.4 MiB / 2.4 MiB)
Downloading [1/1] artifacts (1.4 MiB / 2.4 MiB)
Downloading [1/1] artifacts (1.4 MiB / 2.4 MiB)
Downloading [1/1] artifacts (1.4 MiB / 2.4 MiB)
Downloading [1/1] artifacts (1.4 MiB / 2.4 MiB)
Downloading [1/1] artifacts (1.4 MiB / 2.4 MiB)
Downloading [1/1] artifacts (1.4 MiB / 2.4 MiB)
Downloading [1/1] artifacts (1.5 MiB / 2.4 MiB)
Downloading [1/1] artifacts (1.5 MiB / 2.4 MiB)
Downloading [1/1] artifacts (1.5 MiB / 2.4 MiB)
Downloading [1/1] artifacts (1.5 MiB / 2.4 MiB)
Downloading [1/1] artifacts (1.5 MiB / 2.4 MiB)
Downloading [1/1] artifacts (1.5 MiB / 2.4 MiB)
Downloading [1/1] artifacts (1.6 MiB / 2.4 MiB)
Downloading [1/1] artifacts (1.6 MiB / 2.4 MiB)
Downloading [1/1] artifacts (1.6 MiB / 2.4 MiB)
Downloading [1/1] artifacts (1.6 MiB / 2.4 MiB)
Downloading [1/1] artifacts (1.6 MiB / 2.4 MiB)
Downloading [1/1] artifacts (1.6 MiB / 2.4 MiB)
Downloading [1/1] artifacts (1.6 MiB / 2.4 MiB)
Downloading [1/1] artifacts (1.7 MiB / 2.4 MiB)
Downloading [1/1] artifacts (1.7 MiB / 2.4 MiB)
Downloading [1/1] artifacts (1.7 MiB / 2.4 MiB)
Downloading [1/1] artifacts (1.7 MiB / 2.4 MiB)
Downloading [1/1] artifacts (1.7 MiB / 2.4 MiB)
Downloading [1/1] artifacts (1.7 MiB / 2.4 MiB)
Downloading [1/1] artifacts (1.7 MiB / 2.4 MiB)
Downloading [1/1] artifacts (1.8 MiB / 2.4 MiB)
Downloading [1/1] artifacts (1.8 MiB / 2.4 MiB)
Downloading [1/1] artifacts (1.8 MiB / 2.4 MiB)
Downloading [1/1] artifacts (1.8 MiB / 2.4 MiB)
Downloading [1/1] artifacts (1.8 MiB / 2.4 MiB)
Downloading [1/1] artifacts (1.8 MiB / 2.4 MiB)
Downloading [1/1] artifacts (1.9 MiB / 2.4 MiB)
Downloading [1/1] artifacts (1.9 MiB / 2.4 MiB)
Downloading [1/1] artifacts (1.9 MiB / 2.4 MiB)
Downloading [1/1] artifacts (1.9 MiB / 2.4 MiB)
Downloading [1/1] artifacts (1.9 MiB / 2.4 MiB)
Downloading [1/1] artifacts (1.9 MiB / 2.4 MiB)
Downloading [1/1] artifacts (2.0 MiB / 2.4 MiB)
Downloading [1/1] artifacts (2.0 MiB / 2.4 MiB)
Downloading [1/1] artifacts (2.0 MiB / 2.4 MiB)
Downloading [1/1] artifacts (2.0 MiB / 2.4 MiB)
Downloading [1/1] artifacts (2.0 MiB / 2.4 MiB)
Downloading [1/1] artifacts (2.0 MiB / 2.4 MiB)
Downloading [1/1] artifacts (2.0 MiB / 2.4 MiB)
Downloading [1/1] artifacts (2.1 MiB / 2.4 MiB)
Downloading [1/1] artifacts (2.1 MiB / 2.4 MiB)
Downloading [1/1] artifacts (2.1 MiB / 2.4 MiB)
Downloading [1/1] artifacts (2.1 MiB / 2.4 MiB)
Downloading [1/1] artifacts (2.1 MiB / 2.4 MiB)
Downloading [1/1] artifacts (2.1 MiB / 2.4 MiB)
Downloading [1/1] artifacts (2.1 MiB / 2.4 MiB)
Downloading [1/1] artifacts (2.2 MiB / 2.4 MiB)
Downloading [1/1] artifacts (2.2 MiB / 2.4 MiB)
Downloading [1/1] artifacts (2.2 MiB / 2.4 MiB)
Downloading [1/1] artifacts (2.2 MiB / 2.4 MiB)
Downloading [1/1] artifacts (2.2 MiB / 2.4 MiB)
Downloading [1/1] artifacts (2.2 MiB / 2.4 MiB)
Downloading [1/1] artifacts (2.3 MiB / 2.4 MiB)
Downloading [1/1] artifacts (2.3 MiB / 2.4 MiB)
Downloading [1/1] artifacts (2.3 MiB / 2.4 MiB)
Downloading [1/1] artifacts (2.3 MiB / 2.4 MiB)
Downloading [1/1] artifacts (2.3 MiB / 2.4 MiB)
Downloading [1/1] artifacts (2.3 MiB / 2.4 MiB)
Downloading [1/1] artifacts (2.4 MiB / 2.4 MiB)
Downloading [1/1] artifacts (2.4 MiB / 2.4 MiB)
Downloading [1/1] artifacts (2.4 MiB / 2.4 MiB)
Downloading [1/1] artifacts (2.4 MiB / 2.4 MiB)
Downloading [1/1] artifacts (2.4 MiB / 2.4 MiB)
Downloading [1/1] artifacts (2.4 MiB / 2.4 MiB)
Downloading [1/1] artifacts (2.4 MiB / 2.4 MiB)
